{"/home/lorenzo/Documents/Projects/login-tdd-ts/src/app.ts": {"path":"/home/lorenzo/Documents/Projects/login-tdd-ts/src/app.ts","statementMap":{"0":{"start":{"line":1,"column":0},"end":{"line":1,"column":26}},"1":{"start":{"line":5,"column":0},"end":{"line":5,"column":33}},"2":{"start":{"line":7,"column":0},"end":{"line":7,"column":43}},"3":{"start":{"line":9,"column":0},"end":{"line":9,"column":28}},"4":{"start":{"line":10,"column":0},"end":{"line":10,"column":30}},"5":{"start":{"line":11,"column":0},"end":{"line":11,"column":20}},"6":{"start":{"line":12,"column":0},"end":{"line":12,"column":80}},"7":{"start":{"line":13,"column":0},"end":{"line":13,"column":36}},"8":{"start":{"line":14,"column":0},"end":{"line":14,"column":76}},"9":{"start":{"line":17,"column":0},"end":{"line":17,"column":16}},"10":{"start":{"line":19,"column":13},"end":{"line":19,"column":44}},"11":{"start":{"line":21,"column":16},"end":{"line":31,"column":1}},"12":{"start":{"line":22,"column":4},"end":{"line":30,"column":7}},"13":{"start":{"line":23,"column":8},"end":{"line":29,"column":11}},"14":{"start":{"line":24,"column":12},"end":{"line":28,"column":null}},"15":{"start":{"line":25,"column":16},"end":{"line":25,"column":30}},"16":{"start":{"line":27,"column":16},"end":{"line":27,"column":31}},"17":{"start":{"line":43,"column":4},"end":{"line":43,"column":28}},"18":{"start":{"line":44,"column":4},"end":{"line":44,"column":33}},"19":{"start":{"line":45,"column":4},"end":{"line":65,"column":null}},"20":{"start":{"line":46,"column":29},"end":{"line":46,"column":54}},"21":{"start":{"line":47,"column":30},"end":{"line":56,"column":10}},"22":{"start":{"line":48,"column":12},"end":{"line":48,"column":45}},"23":{"start":{"line":49,"column":12},"end":{"line":55,"column":14}},"24":{"start":{"line":50,"column":62},"end":{"line":50,"column":67}},"25":{"start":{"line":51,"column":16},"end":{"line":51,"column":75}},"26":{"start":{"line":52,"column":16},"end":{"line":54,"column":null}},"27":{"start":{"line":53,"column":20},"end":{"line":53,"column":57}},"28":{"start":{"line":58,"column":8},"end":{"line":60,"column":11}},"29":{"start":{"line":59,"column":12},"end":{"line":59,"column":26}},"30":{"start":{"line":62,"column":8},"end":{"line":64,"column":null}},"31":{"start":{"line":63,"column":12},"end":{"line":63,"column":61}},"32":{"start":{"line":66,"column":4},"end":{"line":66,"column":35}},"33":{"start":{"line":77,"column":18},"end":{"line":77,"column":42}},"34":{"start":{"line":78,"column":27},"end":{"line":86,"column":6}},"35":{"start":{"line":79,"column":25},"end":{"line":79,"column":47}},"36":{"start":{"line":80,"column":41},"end":{"line":80,"column":63}},"37":{"start":{"line":82,"column":8},"end":{"line":85,"column":10}},"38":{"start":{"line":87,"column":4},"end":{"line":87,"column":26}},"39":{"start":{"line":93,"column":23},"end":{"line":93,"column":47}},"40":{"start":{"line":94,"column":16},"end":{"line":94,"column":25}},"41":{"start":{"line":96,"column":22},"end":{"line":96,"column":51}},"42":{"start":{"line":98,"column":19},"end":{"line":98,"column":49}},"43":{"start":{"line":100,"column":4},"end":{"line":100,"column":73}},"44":{"start":{"line":102,"column":4},"end":{"line":104,"column":null}},"45":{"start":{"line":103,"column":8},"end":{"line":103,"column":51}},"46":{"start":{"line":106,"column":4},"end":{"line":106,"column":15}},"47":{"start":{"line":90,"column":0},"end":{"line":90,"column":15}}},"fnMap":{"0":{"name":"(anonymous_2)","decl":{"start":{"line":21,"column":16},"end":{"line":21,"column":21}},"loc":{"start":{"line":21,"column":44},"end":{"line":31,"column":1}}},"1":{"name":"(anonymous_3)","decl":{"start":{"line":22,"column":33},"end":{"line":22,"column":34}},"loc":{"start":{"line":22,"column":53},"end":{"line":30,"column":5}}},"2":{"name":"(anonymous_4)","decl":{"start":{"line":23,"column":30},"end":{"line":23,"column":31}},"loc":{"start":{"line":23,"column":47},"end":{"line":29,"column":9}}},"3":{"name":"loadRoutesAndMiddlewares","decl":{"start":{"line":37,"column":15},"end":{"line":37,"column":39}},"loc":{"start":{"line":41,"column":44},"end":{"line":67,"column":1}}},"4":{"name":"(anonymous_6)","decl":{"start":{"line":47,"column":47},"end":{"line":47,"column":52}},"loc":{"start":{"line":47,"column":55},"end":{"line":56,"column":9}}},"5":{"name":"(anonymous_7)","decl":{"start":{"line":49,"column":19},"end":{"line":49,"column":24}},"loc":{"start":{"line":49,"column":30},"end":{"line":55,"column":13}}},"6":{"name":"(anonymous_8)","decl":{"start":{"line":58,"column":30},"end":{"line":58,"column":35}},"loc":{"start":{"line":58,"column":44},"end":{"line":60,"column":9}}},"7":{"name":"loadRoutesDir","decl":{"start":{"line":76,"column":15},"end":{"line":76,"column":28}},"loc":{"start":{"line":76,"column":46},"end":{"line":88,"column":1}}},"8":{"name":"(anonymous_10)","decl":{"start":{"line":78,"column":37},"end":{"line":78,"column":42}},"loc":{"start":{"line":78,"column":50},"end":{"line":86,"column":5}}},"9":{"name":"(anonymous_11)","decl":{"start":{"line":80,"column":41},"end":{"line":80,"column":54}},"loc":{"start":{"line":80,"column":41},"end":{"line":80,"column":63}}},"10":{"name":"createApp","decl":{"start":{"line":90,"column":30},"end":{"line":90,"column":39}},"loc":{"start":{"line":91,"column":28},"end":{"line":107,"column":1}}}},"branchMap":{"0":{"loc":{"start":{"line":24,"column":12},"end":{"line":28,"column":null}},"type":"if","locations":[{"start":{"line":24,"column":12},"end":{"line":28,"column":null}},{"start":{"line":24,"column":12},"end":{"line":28,"column":null}}]},"1":{"loc":{"start":{"line":52,"column":16},"end":{"line":54,"column":null}},"type":"if","locations":[{"start":{"line":52,"column":16},"end":{"line":54,"column":null}},{"start":{"line":52,"column":16},"end":{"line":54,"column":null}}]},"2":{"loc":{"start":{"line":62,"column":8},"end":{"line":64,"column":null}},"type":"if","locations":[{"start":{"line":62,"column":8},"end":{"line":64,"column":null}},{"start":{"line":62,"column":8},"end":{"line":64,"column":null}}]},"3":{"loc":{"start":{"line":83,"column":23},"end":{"line":83,"column":44}},"type":"binary-expr","locations":[{"start":{"line":83,"column":23},"end":{"line":83,"column":44}},{"start":{"line":83,"column":48},"end":{"line":83,"column":52}}]},"4":{"loc":{"start":{"line":91,"column":23},"end":{"line":91,"column":28}},"type":"default-arg","locations":[{"start":{"line":91,"column":23},"end":{"line":91,"column":28}}]},"5":{"loc":{"start":{"line":102,"column":4},"end":{"line":104,"column":null}},"type":"if","locations":[{"start":{"line":102,"column":4},"end":{"line":104,"column":null}},{"start":{"line":102,"column":4},"end":{"line":104,"column":null}}]}},"s":{"0":4,"1":4,"2":4,"3":4,"4":4,"5":4,"6":4,"7":4,"8":4,"9":4,"10":4,"11":4,"12":4,"13":4,"14":4,"15":0,"16":4,"17":4,"18":4,"19":4,"20":4,"21":4,"22":8,"23":8,"24":8,"25":8,"26":0,"27":0,"28":4,"29":8,"30":0,"31":0,"32":4,"33":4,"34":4,"35":8,"36":16,"37":8,"38":4,"39":4,"40":4,"41":4,"42":4,"43":4,"44":4,"45":2,"46":4,"47":4},"f":{"0":4,"1":4,"2":4,"3":4,"4":8,"5":8,"6":8,"7":4,"8":8,"9":8,"10":4},"b":{"0":[0,4],"1":[0,0],"2":[0,0],"3":[8,0],"4":[2],"5":[2,2]}}
,"/home/lorenzo/Documents/Projects/login-tdd-ts/src/controllers/AuthenticationController.ts": {"path":"/home/lorenzo/Documents/Projects/login-tdd-ts/src/controllers/AuthenticationController.ts","statementMap":{"0":{"start":{"line":5,"column":0},"end":{"line":5,"column":37}},"1":{"start":{"line":7,"column":0},"end":{"line":7,"column":31}},"2":{"start":{"line":17,"column":4},"end":{"line":42,"column":6}},"3":{"start":{"line":19,"column":30},"end":{"line":19,"column":38}},"4":{"start":{"line":21,"column":12},"end":{"line":21,"column":49}},"5":{"start":{"line":23,"column":25},"end":{"line":27,"column":14}},"6":{"start":{"line":29,"column":28},"end":{"line":31,"column":14}},"7":{"start":{"line":33,"column":26},"end":{"line":36,"column":14}},"8":{"start":{"line":38,"column":12},"end":{"line":38,"column":32}},"9":{"start":{"line":45,"column":0},"end":{"line":45,"column":35}}},"fnMap":{"0":{"name":"setupAuthController","decl":{"start":{"line":16,"column":9},"end":{"line":16,"column":28}},"loc":{"start":{"line":16,"column":57},"end":{"line":43,"column":1}}},"1":{"name":"(anonymous_2)","decl":{"start":{"line":18,"column":8},"end":{"line":18,"column":13}},"loc":{"start":{"line":18,"column":35},"end":{"line":39,"column":9}}},"2":{"name":"(anonymous_3)","decl":{"start":{"line":40,"column":8},"end":{"line":40,"column":13}},"loc":{"start":{"line":40,"column":36},"end":{"line":40,"column":40}}},"3":{"name":"(anonymous_4)","decl":{"start":{"line":41,"column":8},"end":{"line":41,"column":13}},"loc":{"start":{"line":41,"column":37},"end":{"line":41,"column":41}}}},"branchMap":{},"s":{"0":4,"1":4,"2":0,"3":0,"4":0,"5":0,"6":0,"7":0,"8":0,"9":4},"f":{"0":0,"1":0,"2":0,"3":0},"b":{}}
,"/home/lorenzo/Documents/Projects/login-tdd-ts/src/controllers/UserController.ts": {"path":"/home/lorenzo/Documents/Projects/login-tdd-ts/src/controllers/UserController.ts","statementMap":{"0":{"start":{"line":5,"column":0},"end":{"line":5,"column":54}},"1":{"start":{"line":8,"column":4},"end":{"line":84,"column":6}},"2":{"start":{"line":10,"column":26},"end":{"line":10,"column":49}},"3":{"start":{"line":12,"column":12},"end":{"line":12,"column":40}},"4":{"start":{"line":15,"column":12},"end":{"line":25,"column":null}},"5":{"start":{"line":16,"column":29},"end":{"line":16,"column":56}},"6":{"start":{"line":18,"column":32},"end":{"line":18,"column":59}},"7":{"start":{"line":20,"column":16},"end":{"line":20,"column":72}},"8":{"start":{"line":22,"column":16},"end":{"line":22,"column":46}},"9":{"start":{"line":24,"column":16},"end":{"line":24,"column":56}},"10":{"start":{"line":28,"column":27},"end":{"line":28,"column":37}},"11":{"start":{"line":29,"column":30},"end":{"line":29,"column":38}},"12":{"start":{"line":30,"column":12},"end":{"line":50,"column":null}},"13":{"start":{"line":31,"column":29},"end":{"line":33,"column":18}},"14":{"start":{"line":34,"column":16},"end":{"line":47,"column":null}},"15":{"start":{"line":35,"column":20},"end":{"line":35,"column":42}},"16":{"start":{"line":36,"column":20},"end":{"line":44,"column":null}},"17":{"start":{"line":37,"column":24},"end":{"line":37,"column":62}},"18":{"start":{"line":39,"column":24},"end":{"line":41,"column":26}},"19":{"start":{"line":43,"column":24},"end":{"line":43,"column":64}},"20":{"start":{"line":46,"column":20},"end":{"line":46,"column":76}},"21":{"start":{"line":49,"column":16},"end":{"line":49,"column":56}},"22":{"start":{"line":53,"column":27},"end":{"line":53,"column":37}},"23":{"start":{"line":55,"column":12},"end":{"line":55,"column":49}},"24":{"start":{"line":57,"column":12},"end":{"line":62,"column":null}},"25":{"start":{"line":58,"column":29},"end":{"line":58,"column":63}},"26":{"start":{"line":59,"column":16},"end":{"line":59,"column":43}},"27":{"start":{"line":61,"column":16},"end":{"line":61,"column":56}},"28":{"start":{"line":65,"column":27},"end":{"line":65,"column":37}},"29":{"start":{"line":66,"column":30},"end":{"line":66,"column":38}},"30":{"start":{"line":67,"column":12},"end":{"line":82,"column":null}},"31":{"start":{"line":68,"column":29},"end":{"line":70,"column":18}},"32":{"start":{"line":71,"column":16},"end":{"line":79,"column":null}},"33":{"start":{"line":72,"column":20},"end":{"line":72,"column":48}},"34":{"start":{"line":74,"column":20},"end":{"line":76,"column":23}},"35":{"start":{"line":78,"column":20},"end":{"line":78,"column":76}},"36":{"start":{"line":81,"column":16},"end":{"line":81,"column":56}},"37":{"start":{"line":87,"column":0},"end":{"line":87,"column":35}}},"fnMap":{"0":{"name":"setupUserController","decl":{"start":{"line":7,"column":9},"end":{"line":7,"column":28}},"loc":{"start":{"line":7,"column":57},"end":{"line":85,"column":1}}},"1":{"name":"(anonymous_2)","decl":{"start":{"line":9,"column":8},"end":{"line":9,"column":13}},"loc":{"start":{"line":9,"column":29},"end":{"line":13,"column":9}}},"2":{"name":"(anonymous_3)","decl":{"start":{"line":14,"column":8},"end":{"line":14,"column":13}},"loc":{"start":{"line":14,"column":34},"end":{"line":26,"column":9}}},"3":{"name":"(anonymous_4)","decl":{"start":{"line":27,"column":8},"end":{"line":27,"column":13}},"loc":{"start":{"line":27,"column":35},"end":{"line":51,"column":9}}},"4":{"name":"(anonymous_5)","decl":{"start":{"line":52,"column":8},"end":{"line":52,"column":13}},"loc":{"start":{"line":52,"column":33},"end":{"line":63,"column":9}}},"5":{"name":"(anonymous_6)","decl":{"start":{"line":64,"column":8},"end":{"line":64,"column":13}},"loc":{"start":{"line":64,"column":35},"end":{"line":83,"column":9}}}},"branchMap":{"0":{"loc":{"start":{"line":34,"column":16},"end":{"line":47,"column":null}},"type":"if","locations":[{"start":{"line":34,"column":16},"end":{"line":47,"column":null}},{"start":{"line":34,"column":16},"end":{"line":47,"column":null}}]},"1":{"loc":{"start":{"line":71,"column":16},"end":{"line":79,"column":null}},"type":"if","locations":[{"start":{"line":71,"column":16},"end":{"line":79,"column":null}},{"start":{"line":71,"column":16},"end":{"line":79,"column":null}}]}},"s":{"0":4,"1":0,"2":0,"3":0,"4":0,"5":0,"6":0,"7":0,"8":0,"9":0,"10":0,"11":0,"12":0,"13":0,"14":0,"15":0,"16":0,"17":0,"18":0,"19":0,"20":0,"21":0,"22":0,"23":0,"24":0,"25":0,"26":0,"27":0,"28":0,"29":0,"30":0,"31":0,"32":0,"33":0,"34":0,"35":0,"36":0,"37":4},"f":{"0":0,"1":0,"2":0,"3":0,"4":0,"5":0},"b":{"0":[0,0],"1":[0,0]}}
,"/home/lorenzo/Documents/Projects/login-tdd-ts/src/entity/User.ts": {"path":"/home/lorenzo/Documents/Projects/login-tdd-ts/src/entity/User.ts","statementMap":{"0":{"start":{"line":1,"column":0},"end":{"line":1,"column":33}},"1":{"start":{"line":2,"column":0},"end":{"line":2,"column":33}},"2":{"start":{"line":3,"column":0},"end":{"line":3,"column":49}},"3":{"start":{"line":4,"column":0},"end":{"line":4,"column":44}},"4":{"start":{"line":7,"column":0},"end":{"line":19,"column":null}},"5":{"start":{"line":9,"column":4},"end":{"line":9,"column":null}},"6":{"start":{"line":12,"column":4},"end":{"line":12,"column":null}},"7":{"start":{"line":15,"column":4},"end":{"line":15,"column":null}},"8":{"start":{"line":18,"column":4},"end":{"line":18,"column":null}},"9":{"start":{"line":7,"column":13},"end":{"line":19,"column":null}},"10":{"start":{"line":7,"column":13},"end":{"line":7,"column":17}},"11":{"start":{"line":21,"column":0},"end":{"line":21,"column":20}}},"fnMap":{},"branchMap":{},"s":{"0":4,"1":4,"2":4,"3":4,"4":4,"5":4,"6":4,"7":4,"8":4,"9":4,"10":4,"11":4},"f":{},"b":{}}
,"/home/lorenzo/Documents/Projects/login-tdd-ts/src/entity/VisibleUser.ts": {"path":"/home/lorenzo/Documents/Projects/login-tdd-ts/src/entity/VisibleUser.ts","statementMap":{"0":{"start":{"line":1,"column":0},"end":{"line":1,"column":13}}},"fnMap":{},"branchMap":{},"s":{"0":4},"f":{},"b":{}}
,"/home/lorenzo/Documents/Projects/login-tdd-ts/src/routing/errors/HttpError.ts": {"path":"/home/lorenzo/Documents/Projects/login-tdd-ts/src/routing/errors/HttpError.ts","statementMap":{"0":{"start":{"line":3,"column":8},"end":{"line":3,"column":31}},"1":{"start":{"line":4,"column":8},"end":{"line":4,"column":29}},"2":{"start":{"line":1,"column":0},"end":{"line":1,"column":21}}},"fnMap":{"0":{"name":"(anonymous_0)","decl":{"start":{"line":2,"column":4},"end":{"line":2,"column":16}},"loc":{"start":{"line":2,"column":53},"end":{"line":5,"column":5}}}},"branchMap":{"0":{"loc":{"start":{"line":2,"column":50},"end":{"line":2,"column":53}},"type":"default-arg","locations":[{"start":{"line":2,"column":50},"end":{"line":2,"column":53}}]}},"s":{"0":0,"1":0,"2":4},"f":{"0":0},"b":{"0":[0]}}
,"/home/lorenzo/Documents/Projects/login-tdd-ts/src/routing/middlewares/HandleErrorMiddleware.ts": {"path":"/home/lorenzo/Documents/Projects/login-tdd-ts/src/routing/middlewares/HandleErrorMiddleware.ts","statementMap":{"0":{"start":{"line":5,"column":51},"end":{"line":14,"column":1}},"1":{"start":{"line":11,"column":4},"end":{"line":13,"column":null}},"2":{"start":{"line":12,"column":8},"end":{"line":12,"column":41}},"3":{"start":{"line":16,"column":0},"end":{"line":16,"column":37}}},"fnMap":{"0":{"name":"(anonymous_0)","decl":{"start":{"line":5,"column":51},"end":{"line":5,"column":null}},"loc":{"start":{"line":10,"column":4},"end":{"line":14,"column":1}}}},"branchMap":{"0":{"loc":{"start":{"line":11,"column":4},"end":{"line":13,"column":null}},"type":"if","locations":[{"start":{"line":11,"column":4},"end":{"line":13,"column":null}},{"start":{"line":11,"column":4},"end":{"line":13,"column":null}}]}},"s":{"0":4,"1":0,"2":0,"3":4},"f":{"0":0},"b":{"0":[0,0]}}
,"/home/lorenzo/Documents/Projects/login-tdd-ts/src/routing/middlewares/RemoveXSSMiddleware.ts": {"path":"/home/lorenzo/Documents/Projects/login-tdd-ts/src/routing/middlewares/RemoveXSSMiddleware.ts","statementMap":{"0":{"start":{"line":3,"column":0},"end":{"line":3,"column":51}},"1":{"start":{"line":5,"column":44},"end":{"line":16,"column":1}},"2":{"start":{"line":6,"column":4},"end":{"line":8,"column":7}},"3":{"start":{"line":7,"column":8},"end":{"line":7,"column":52}},"4":{"start":{"line":9,"column":4},"end":{"line":11,"column":7}},"5":{"start":{"line":10,"column":8},"end":{"line":10,"column":56}},"6":{"start":{"line":12,"column":4},"end":{"line":14,"column":7}},"7":{"start":{"line":13,"column":8},"end":{"line":13,"column":54}},"8":{"start":{"line":15,"column":4},"end":{"line":15,"column":11}},"9":{"start":{"line":18,"column":0},"end":{"line":18,"column":35}}},"fnMap":{"0":{"name":"(anonymous_1)","decl":{"start":{"line":5,"column":44},"end":{"line":5,"column":45}},"loc":{"start":{"line":5,"column":64},"end":{"line":16,"column":1}}},"1":{"name":"(anonymous_2)","decl":{"start":{"line":6,"column":34},"end":{"line":6,"column":37}},"loc":{"start":{"line":6,"column":40},"end":{"line":8,"column":5}}},"2":{"name":"(anonymous_3)","decl":{"start":{"line":9,"column":42},"end":{"line":9,"column":45}},"loc":{"start":{"line":9,"column":48},"end":{"line":11,"column":5}}},"3":{"name":"(anonymous_4)","decl":{"start":{"line":12,"column":35},"end":{"line":12,"column":38}},"loc":{"start":{"line":12,"column":41},"end":{"line":14,"column":5}}}},"branchMap":{"0":{"loc":{"start":{"line":9,"column":16},"end":{"line":9,"column":26}},"type":"binary-expr","locations":[{"start":{"line":9,"column":16},"end":{"line":9,"column":26}},{"start":{"line":9,"column":30},"end":{"line":9,"column":32}}]}},"s":{"0":4,"1":4,"2":25,"3":47,"4":25,"5":0,"6":25,"7":2,"8":25,"9":4},"f":{"0":25,"1":47,"2":0,"3":2},"b":{"0":[25,0]}}
,"/home/lorenzo/Documents/Projects/login-tdd-ts/src/routing/routes/AuthRoutes.ts": {"path":"/home/lorenzo/Documents/Projects/login-tdd-ts/src/routing/routes/AuthRoutes.ts","statementMap":{"0":{"start":{"line":3,"column":0},"end":{"line":3,"column":41}},"1":{"start":{"line":5,"column":0},"end":{"line":5,"column":73}},"2":{"start":{"line":8,"column":27},"end":{"line":8,"column":74}},"3":{"start":{"line":10,"column":4},"end":{"line":10,"column":54}},"4":{"start":{"line":11,"column":4},"end":{"line":11,"column":59}},"5":{"start":{"line":12,"column":4},"end":{"line":12,"column":51}},"6":{"start":{"line":14,"column":4},"end":{"line":14,"column":18}},"7":{"start":{"line":17,"column":13},"end":{"line":17,"column":33}},"8":{"start":{"line":19,"column":0},"end":{"line":19,"column":26}}},"fnMap":{"0":{"name":"userRoutes","decl":{"start":{"line":7,"column":9},"end":{"line":7,"column":19}},"loc":{"start":{"line":7,"column":58},"end":{"line":15,"column":1}}}},"branchMap":{},"s":{"0":4,"1":4,"2":0,"3":0,"4":0,"5":0,"6":0,"7":4,"8":4},"f":{"0":0},"b":{}}
,"/home/lorenzo/Documents/Projects/login-tdd-ts/src/routing/routes/UserRoutes.ts": {"path":"/home/lorenzo/Documents/Projects/login-tdd-ts/src/routing/routes/UserRoutes.ts","statementMap":{"0":{"start":{"line":3,"column":0},"end":{"line":3,"column":41}},"1":{"start":{"line":5,"column":0},"end":{"line":5,"column":67}},"2":{"start":{"line":8,"column":27},"end":{"line":8,"column":78}},"3":{"start":{"line":10,"column":4},"end":{"line":10,"column":47}},"4":{"start":{"line":11,"column":4},"end":{"line":11,"column":48}},"5":{"start":{"line":12,"column":4},"end":{"line":12,"column":50}},"6":{"start":{"line":13,"column":4},"end":{"line":13,"column":52}},"7":{"start":{"line":14,"column":4},"end":{"line":14,"column":55}},"8":{"start":{"line":16,"column":4},"end":{"line":16,"column":18}},"9":{"start":{"line":19,"column":13},"end":{"line":19,"column":34}},"10":{"start":{"line":21,"column":0},"end":{"line":21,"column":26}}},"fnMap":{"0":{"name":"userRoutes","decl":{"start":{"line":7,"column":9},"end":{"line":7,"column":19}},"loc":{"start":{"line":7,"column":58},"end":{"line":17,"column":1}}}},"branchMap":{},"s":{"0":4,"1":4,"2":0,"3":0,"4":0,"5":0,"6":0,"7":0,"8":0,"9":4,"10":4},"f":{"0":0},"b":{}}
,"/home/lorenzo/Documents/Projects/login-tdd-ts/src/utils/Logger.ts": {"path":"/home/lorenzo/Documents/Projects/login-tdd-ts/src/utils/Logger.ts","statementMap":{"0":{"start":{"line":1,"column":0},"end":{"line":1,"column":26}},"1":{"start":{"line":2,"column":0},"end":{"line":2,"column":46}},"2":{"start":{"line":21,"column":21},"end":{"line":54,"column":2}},"3":{"start":{"line":23,"column":8},"end":{"line":28,"column":11}},"4":{"start":{"line":31,"column":8},"end":{"line":36,"column":11}},"5":{"start":{"line":39,"column":8},"end":{"line":44,"column":11}},"6":{"start":{"line":47,"column":8},"end":{"line":52,"column":10}},"7":{"start":{"line":56,"column":0},"end":{"line":56,"column":22}}},"fnMap":{"0":{"name":"(anonymous_1)","decl":{"start":{"line":22,"column":4},"end":{"line":22,"column":8}},"loc":{"start":{"line":22,"column":16},"end":{"line":29,"column":5}}},"1":{"name":"(anonymous_2)","decl":{"start":{"line":30,"column":4},"end":{"line":30,"column":8}},"loc":{"start":{"line":30,"column":16},"end":{"line":37,"column":5}}},"2":{"name":"(anonymous_3)","decl":{"start":{"line":38,"column":4},"end":{"line":38,"column":9}},"loc":{"start":{"line":38,"column":17},"end":{"line":45,"column":5}}},"3":{"name":"(anonymous_4)","decl":{"start":{"line":46,"column":4},"end":{"line":46,"column":7}},"loc":{"start":{"line":46,"column":65},"end":{"line":53,"column":5}}}},"branchMap":{"0":{"loc":{"start":{"line":46,"column":16},"end":{"line":46,"column":21}},"type":"default-arg","locations":[{"start":{"line":46,"column":16},"end":{"line":46,"column":21}}]},"1":{"loc":{"start":{"line":46,"column":30},"end":{"line":46,"column":36}},"type":"default-arg","locations":[{"start":{"line":46,"column":30},"end":{"line":46,"column":36}}]}},"s":{"0":4,"1":4,"2":4,"3":1,"4":0,"5":0,"6":1,"7":4},"f":{"0":1,"1":0,"2":0,"3":1},"b":{"0":[1],"1":[0]}}
,"/home/lorenzo/Documents/Projects/login-tdd-ts/src/utils/getCurrentDate.ts": {"path":"/home/lorenzo/Documents/Projects/login-tdd-ts/src/utils/getCurrentDate.ts","statementMap":{"0":{"start":{"line":1,"column":23},"end":{"line":17,"column":1}},"1":{"start":{"line":2,"column":17},"end":{"line":2,"column":27}},"2":{"start":{"line":4,"column":17},"end":{"line":4,"column":35}},"3":{"start":{"line":6,"column":18},"end":{"line":6,"column":33}},"4":{"start":{"line":8,"column":16},"end":{"line":8,"column":29}},"5":{"start":{"line":10,"column":17},"end":{"line":10,"column":32}},"6":{"start":{"line":12,"column":19},"end":{"line":12,"column":36}},"7":{"start":{"line":14,"column":20},"end":{"line":14,"column":37}},"8":{"start":{"line":16,"column":4},"end":{"line":16,"column":66}},"9":{"start":{"line":19,"column":0},"end":{"line":19,"column":30}}},"fnMap":{"0":{"name":"(anonymous_0)","decl":{"start":{"line":1,"column":23},"end":{"line":1,"column":26}},"loc":{"start":{"line":1,"column":28},"end":{"line":17,"column":1}}}},"branchMap":{},"s":{"0":4,"1":1,"2":1,"3":1,"4":1,"5":1,"6":1,"7":1,"8":1,"9":4},"f":{"0":1},"b":{}}
,"/home/lorenzo/Documents/Projects/login-tdd-ts/src/utils/sanitizeHtml.ts": {"path":"/home/lorenzo/Documents/Projects/login-tdd-ts/src/utils/sanitizeHtml.ts","statementMap":{"0":{"start":{"line":1,"column":0},"end":{"line":1,"column":28}},"1":{"start":{"line":4,"column":4},"end":{"line":4,"column":45}},"2":{"start":{"line":3,"column":0},"end":{"line":3,"column":24}}},"fnMap":{"0":{"name":"sanitizeHtml","decl":{"start":{"line":3,"column":24},"end":{"line":3,"column":36}},"loc":{"start":{"line":3,"column":49},"end":{"line":5,"column":1}}}},"branchMap":{},"s":{"0":5,"1":50,"2":5},"f":{"0":50},"b":{}}
,"/home/lorenzo/Documents/Projects/login-tdd-ts/src/utils/truncate.ts": {"path":"/home/lorenzo/Documents/Projects/login-tdd-ts/src/utils/truncate.ts","statementMap":{"0":{"start":{"line":4,"column":0},"end":{"line":4,"column":40}},"1":{"start":{"line":10,"column":4},"end":{"line":12,"column":17}},"2":{"start":{"line":6,"column":0},"end":{"line":6,"column":15}}},"fnMap":{"0":{"name":"truncateTable","decl":{"start":{"line":6,"column":30},"end":{"line":6,"column":43}},"loc":{"start":{"line":8,"column":38},"end":{"line":13,"column":1}}}},"branchMap":{"0":{"loc":{"start":{"line":8,"column":29},"end":{"line":8,"column":38}},"type":"default-arg","locations":[{"start":{"line":8,"column":29},"end":{"line":8,"column":38}}]}},"s":{"0":2,"1":26,"2":2},"f":{"0":26},"b":{"0":[26]}}
}
