TN:
SF:src/app.ts
FN:21,(anonymous_2)
FN:22,(anonymous_3)
FN:23,(anonymous_4)
FN:37,loadRoutesAndMiddlewares
FN:47,(anonymous_6)
FN:49,(anonymous_7)
FN:58,(anonymous_8)
FN:76,loadRoutesDir
FN:78,(anonymous_10)
FN:80,(anonymous_11)
FN:90,createApp
FNF:11
FNH:11
FNDA:4,(anonymous_2)
FNDA:4,(anonymous_3)
FNDA:4,(anonymous_4)
FNDA:4,loadRoutesAndMiddlewares
FNDA:8,(anonymous_6)
FNDA:8,(anonymous_7)
FNDA:8,(anonymous_8)
FNDA:4,loadRoutesDir
FNDA:8,(anonymous_10)
FNDA:8,(anonymous_11)
FNDA:4,createApp
DA:1,4
DA:5,4
DA:7,4
DA:9,4
DA:10,4
DA:11,4
DA:12,4
DA:13,4
DA:14,4
DA:17,4
DA:19,4
DA:21,4
DA:22,4
DA:23,4
DA:24,4
DA:25,0
DA:27,4
DA:43,4
DA:44,4
DA:45,4
DA:46,4
DA:47,4
DA:48,8
DA:49,8
DA:50,8
DA:51,8
DA:52,0
DA:53,0
DA:58,4
DA:59,8
DA:62,0
DA:63,0
DA:66,4
DA:77,4
DA:78,4
DA:79,8
DA:80,16
DA:82,8
DA:87,4
DA:90,4
DA:93,4
DA:94,4
DA:96,4
DA:98,4
DA:100,4
DA:102,4
DA:103,2
DA:106,4
LF:48
LH:43
BRDA:24,0,0,0
BRDA:24,0,1,4
BRDA:52,1,0,0
BRDA:52,1,1,0
BRDA:62,2,0,0
BRDA:62,2,1,0
BRDA:83,3,0,8
BRDA:83,3,1,0
BRDA:91,4,0,2
BRDA:102,5,0,2
BRDA:102,5,1,2
BRF:11
BRH:5
end_of_record
TN:
SF:src/controllers/AuthenticationController.ts
FN:16,setupAuthController
FN:18,(anonymous_2)
FN:40,(anonymous_3)
FN:41,(anonymous_4)
FNF:4
FNH:0
FNDA:0,setupAuthController
FNDA:0,(anonymous_2)
FNDA:0,(anonymous_3)
FNDA:0,(anonymous_4)
DA:5,4
DA:7,4
DA:17,0
DA:19,0
DA:21,0
DA:23,0
DA:29,0
DA:33,0
DA:38,0
DA:45,4
LF:10
LH:3
BRF:0
BRH:0
end_of_record
TN:
SF:src/controllers/UserController.ts
FN:7,setupUserController
FN:9,(anonymous_2)
FN:14,(anonymous_3)
FN:27,(anonymous_4)
FN:52,(anonymous_5)
FN:64,(anonymous_6)
FNF:6
FNH:0
FNDA:0,setupUserController
FNDA:0,(anonymous_2)
FNDA:0,(anonymous_3)
FNDA:0,(anonymous_4)
FNDA:0,(anonymous_5)
FNDA:0,(anonymous_6)
DA:5,4
DA:8,0
DA:10,0
DA:12,0
DA:15,0
DA:16,0
DA:18,0
DA:20,0
DA:22,0
DA:24,0
DA:28,0
DA:29,0
DA:30,0
DA:31,0
DA:34,0
DA:35,0
DA:36,0
DA:37,0
DA:39,0
DA:43,0
DA:46,0
DA:49,0
DA:53,0
DA:55,0
DA:57,0
DA:58,0
DA:59,0
DA:61,0
DA:65,0
DA:66,0
DA:67,0
DA:68,0
DA:71,0
DA:72,0
DA:74,0
DA:78,0
DA:81,0
DA:87,4
LF:38
LH:2
BRDA:34,0,0,0
BRDA:34,0,1,0
BRDA:71,1,0,0
BRDA:71,1,1,0
BRF:4
BRH:0
end_of_record
TN:
SF:src/entity/User.ts
FNF:0
FNH:0
DA:1,4
DA:2,4
DA:3,4
DA:4,4
DA:7,4
DA:9,4
DA:12,4
DA:15,4
DA:18,4
DA:21,4
LF:10
LH:10
BRF:0
BRH:0
end_of_record
TN:
SF:src/entity/VisibleUser.ts
FNF:0
FNH:0
DA:1,4
LF:1
LH:1
BRF:0
BRH:0
end_of_record
TN:
SF:src/routing/errors/HttpError.ts
FN:2,(anonymous_0)
FNF:1
FNH:0
FNDA:0,(anonymous_0)
DA:1,4
DA:3,0
DA:4,0
LF:3
LH:1
BRDA:2,0,0,0
BRF:1
BRH:0
end_of_record
TN:
SF:src/routing/middlewares/HandleErrorMiddleware.ts
FN:5,(anonymous_0)
FNF:1
FNH:0
FNDA:0,(anonymous_0)
DA:5,4
DA:11,0
DA:12,0
DA:16,4
LF:4
LH:2
BRDA:11,0,0,0
BRDA:11,0,1,0
BRF:2
BRH:0
end_of_record
TN:
SF:src/routing/middlewares/RemoveXSSMiddleware.ts
FN:5,(anonymous_1)
FN:6,(anonymous_2)
FN:9,(anonymous_3)
FN:12,(anonymous_4)
FNF:4
FNH:3
FNDA:25,(anonymous_1)
FNDA:47,(anonymous_2)
FNDA:0,(anonymous_3)
FNDA:2,(anonymous_4)
DA:3,4
DA:5,4
DA:6,25
DA:7,47
DA:9,25
DA:10,0
DA:12,25
DA:13,2
DA:15,25
DA:18,4
LF:10
LH:9
BRDA:9,0,0,25
BRDA:9,0,1,0
BRF:2
BRH:1
end_of_record
TN:
SF:src/routing/routes/AuthRoutes.ts
FN:7,userRoutes
FNF:1
FNH:0
FNDA:0,userRoutes
DA:3,4
DA:5,4
DA:8,0
DA:10,0
DA:11,0
DA:12,0
DA:14,0
DA:17,4
DA:19,4
LF:9
LH:4
BRF:0
BRH:0
end_of_record
TN:
SF:src/routing/routes/UserRoutes.ts
FN:7,userRoutes
FNF:1
FNH:0
FNDA:0,userRoutes
DA:3,4
DA:5,4
DA:8,0
DA:10,0
DA:11,0
DA:12,0
DA:13,0
DA:14,0
DA:16,0
DA:19,4
DA:21,4
LF:11
LH:4
BRF:0
BRH:0
end_of_record
TN:
SF:src/utils/Logger.ts
FN:22,(anonymous_1)
FN:30,(anonymous_2)
FN:38,(anonymous_3)
FN:46,(anonymous_4)
FNF:4
FNH:2
FNDA:1,(anonymous_1)
FNDA:0,(anonymous_2)
FNDA:0,(anonymous_3)
FNDA:1,(anonymous_4)
DA:1,4
DA:2,4
DA:21,4
DA:23,1
DA:31,0
DA:39,0
DA:47,1
DA:56,4
LF:8
LH:6
BRDA:46,0,0,1
BRDA:46,1,0,0
BRF:2
BRH:1
end_of_record
TN:
SF:src/utils/getCurrentDate.ts
FN:1,(anonymous_0)
FNF:1
FNH:1
FNDA:1,(anonymous_0)
DA:1,4
DA:2,1
DA:4,1
DA:6,1
DA:8,1
DA:10,1
DA:12,1
DA:14,1
DA:16,1
DA:19,4
LF:10
LH:10
BRF:0
BRH:0
end_of_record
TN:
SF:src/utils/sanitizeHtml.ts
FN:3,sanitizeHtml
FNF:1
FNH:1
FNDA:50,sanitizeHtml
DA:1,5
DA:3,5
DA:4,50
LF:3
LH:3
BRF:0
BRH:0
end_of_record
TN:
SF:src/utils/truncate.ts
FN:6,truncateTable
FNF:1
FNH:1
FNDA:26,truncateTable
DA:4,2
DA:6,2
DA:10,26
LF:3
LH:3
BRDA:8,0,0,26
BRF:1
BRH:1
end_of_record
